#
# There is insufficient memory for the Java Runtime Environment to continue.
# Native memory allocation (mmap) failed to map 130023424 bytes for G1 virtual space
# Possible reasons:
#   The system is out of physical RAM or swap space
#   The process is running with CompressedOops enabled, and the Java Heap may be blocking the growth of the native heap
# Possible solutions:
#   Reduce memory load on the system
#   Increase physical memory or swap space
#   Check if swap backing store is full
#   Decrease Java heap size (-Xmx/-Xms)
#   Decrease number of Java threads
#   Decrease Java thread stack sizes (-Xss)
#   Set larger code cache with -XX:ReservedCodeCacheSize=
#   JVM is running with Unscaled Compressed Oops mode in which the Java heap is
#     placed in the first 4GB address space. The Java Heap base address is the
#     maximum limit for the native heap growth. Please use -XX:HeapBaseMinAddress
#     to set the Java Heap base and to place the Java Heap above 4GB virtual address.
# This output file may be truncated or incomplete.
#
#  Out of Memory Error (os_windows.cpp:3530), pid=8652, tid=7844
#
# JRE version:  (18.0.1.1+2) (build )
# Java VM: Java HotSpot(TM) 64-Bit Server VM (18.0.1.1+2-6, mixed mode, sharing, tiered, compressed oops, compressed class ptrs, g1 gc, windows-amd64)
# No core dump will be written. Minidumps are not enabled by default on client versions of Windows
#

---------------  S U M M A R Y ------------

Command Line: -javaagent:C:\Program Files\JetBrains\IntelliJ IDEA 2022.3.2\lib\idea_rt.jar=60714:C:\Program Files\JetBrains\IntelliJ IDEA 2022.3.2\bin -Dfile.encoding=UTF-8 -Dsun.stdout.encoding=UTF-8 -Dsun.stderr.encoding=UTF-8 mvc.view.Test

Host: 11th Gen Intel(R) Core(TM) i5-1135G7 @ 2.40GHz, 8 cores, 7G,  Windows 11 , 64 bit Build 22621 (10.0.22621.1778)
Time: Wed Jul  5 16:54:35 2023 SE Asia Standard Time elapsed time: 0.011701 seconds (0d 0h 0m 0s)

---------------  T H R E A D  ---------------

Current thread (0x00000191bbced1b0):  JavaThread "Unknown thread" [_thread_in_vm, id=7844, stack(0x0000002da4f00000,0x0000002da5000000)]

Stack: [0x0000002da4f00000,0x0000002da5000000]
Native frames: (J=compiled Java code, j=interpreted, Vv=VM code, C=native code)
V  [jvm.dll+0x69887a]
V  [jvm.dll+0x7f38bd]
V  [jvm.dll+0x7f51ce]
V  [jvm.dll+0x7f5883]
V  [jvm.dll+0x25ca3f]
V  [jvm.dll+0x6957c9]
V  [jvm.dll+0x68a2fa]
V  [jvm.dll+0x321efb]
V  [jvm.dll+0x3298d6]
V  [jvm.dll+0x37e47e]
V  [jvm.dll+0x37e6af]
V  [jvm.dll+0x2f9c7a]
V  [jvm.dll+0x2facdd]
V  [jvm.dll+0x7c24f0]
V  [jvm.dll+0x38b801]
V  [jvm.dll+0x7a1203]
V  [jvm.dll+0x40d6bf]
V  [jvm.dll+0x40f091]
C  [jli.dll+0x526b]
C  [ucrtbase.dll+0x29363]
C  [KERNEL32.DLL+0x126ad]
C  [ntdll.dll+0x5a9f8]


---------------  P R O C E S S  ---------------

Threads class SMR info:
_java_thread_list=0x00007ff9bfe8d550, length=0, elements={
}

Java Threads: ( => current thread )

Other Threads:
  0x00000191bbd4b630 WorkerThread "GC Thread#0" [stack: 0x0000002da5000000,0x0000002da5100000] [id=14540]
  0x00000191bbd5cc20 ConcurrentGCThread "G1 Main Marker" [stack: 0x0000002da5100000,0x0000002da5200000] [id=15392]
  0x00000191bbd5dcc0 WorkerThread "G1 Conc#0" [stack: 0x0000002da5200000,0x0000002da5300000] [id=7556]

[error occurred during error reporting (printing all threads), id 0xc0000005, EXCEPTION_ACCESS_VIOLATION (0xc0000005) at pc=0x00007ff9bf6ba217]

VM state: not at safepoint (not fully initialized)

VM Mutex/Monitor currently owned by a thread:  ([mutex/lock_event])
[0x00000191bbceb560] Heap_lock - owner thread: 0x00000191bbced1b0

Heap address: 0x0000000084e00000, size: 1970 MB, Compressed Oops mode: 32-bit

CDS archive(s) mapped at: [0x0000000000000000-0x0000000000000000-0x0000000000000000), size 0, SharedBaseAddress: 0x0000000800000000, ArchiveRelocationMode: 0.
Narrow klass base: 0x0000000000000000, Narrow klass shift: 0, Narrow klass range: 0x0

GC Precious Log:
 CardTable entry size: 512
 Card Set container configuration: InlinePtr #cards 5 size 8 Array Of Cards #cards 12 size 40 Howl #buckets 4 coarsen threshold 1843 Howl Bitmap #cards 512 size 80 coarsen threshold 460 Card regions per heap region 1 cards per card region 2048

Heap:
 garbage-first heap   total 0K, used 0K [0x0000000084e00000, 0x0000000100000000)
  region size 1024K, 0 young (0K), 0 survivors (0K)

[error occurred during error reporting (printing heap information), id 0xc0000005, EXCEPTION_ACCESS_VIOLATION (0xc0000005) at pc=0x00007ff9bfaa0cb9]

GC Heap History (0 events):
No events

Deoptimization events (0 events):
No events

Classes loaded (0 events):
No events

Classes unloaded (0 events):
No events

Classes redefined (0 events):
No events

Internal exceptions (0 events):
No events

VM Operations (0 events):
No events

Events (1 events):
Event: 0.008 Loaded shared library C:\Program Files\Java\jdk-18.0.1.1\bin\java.dll


Dynamic libraries:
0x00007ff7b2460000 - 0x00007ff7b2470000 	C:\Program Files\Java\jdk-18.0.1.1\bin\java.exe
0x00007ffa15ef0000 - 0x00007ffa16104000 	C:\WINDOWS\SYSTEM32\ntdll.dll
0x00007ffa13e90000 - 0x00007ffa13f52000 	C:\WINDOWS\System32\KERNEL32.DLL
0x00007ffa13760000 - 0x00007ffa13b03000 	C:\WINDOWS\System32\KERNELBASE.dll
0x00007ffa132f0000 - 0x00007ffa13401000 	C:\WINDOWS\System32\ucrtbase.dll
0x00007ffa0a480000 - 0x00007ffa0a498000 	C:\Program Files\Java\jdk-18.0.1.1\bin\jli.dll
0x00007ffa0bcd0000 - 0x00007ffa0bcea000 	C:\Program Files\Java\jdk-18.0.1.1\bin\VCRUNTIME140.dll
0x00007ffa15c20000 - 0x00007ffa15cce000 	C:\WINDOWS\System32\ADVAPI32.dll
0x00007ffa15a50000 - 0x00007ffa15af7000 	C:\WINDOWS\System32\msvcrt.dll
0x00007ffa15540000 - 0x00007ffa155e4000 	C:\WINDOWS\System32\sechost.dll
0x00007ffa14240000 - 0x00007ffa14357000 	C:\WINDOWS\System32\RPCRT4.dll
0x00007ffa14090000 - 0x00007ffa1423b000 	C:\WINDOWS\System32\USER32.dll
0x00007ffa13410000 - 0x00007ffa13436000 	C:\WINDOWS\System32\win32u.dll
0x00007ff9f8630000 - 0x00007ff9f88be000 	C:\WINDOWS\WinSxS\amd64_microsoft.windows.common-controls_6595b64144ccf1df_6.0.22621.1635_none_270f70857386168e\COMCTL32.dll
0x00007ffa15b10000 - 0x00007ffa15b39000 	C:\WINDOWS\System32\GDI32.dll
0x00007ffa13b10000 - 0x00007ffa13c29000 	C:\WINDOWS\System32\gdi32full.dll
0x00007ffa13c30000 - 0x00007ffa13cca000 	C:\WINDOWS\System32\msvcp_win.dll
0x00007ffa051c0000 - 0x00007ffa051ca000 	C:\WINDOWS\SYSTEM32\VERSION.dll
0x00007ffa15680000 - 0x00007ffa156b1000 	C:\WINDOWS\System32\IMM32.DLL
0x00007ffa0bcc0000 - 0x00007ffa0bccc000 	C:\Program Files\Java\jdk-18.0.1.1\bin\vcruntime140_1.dll
0x00007ff9fb6f0000 - 0x00007ff9fb77d000 	C:\Program Files\Java\jdk-18.0.1.1\bin\msvcp140.dll
0x00007ff9bf3b0000 - 0x00007ff9bffc0000 	C:\Program Files\Java\jdk-18.0.1.1\bin\server\jvm.dll
0x00007ffa13cd0000 - 0x00007ffa13cd8000 	C:\WINDOWS\System32\PSAPI.DLL
0x00007ffa09b60000 - 0x00007ffa09b69000 	C:\WINDOWS\SYSTEM32\WSOCK32.dll
0x00007ffa08c40000 - 0x00007ffa08c74000 	C:\WINDOWS\SYSTEM32\WINMM.dll
0x00007ffa14910000 - 0x00007ffa14981000 	C:\WINDOWS\System32\WS2_32.dll
0x00007ffa12430000 - 0x00007ffa12448000 	C:\WINDOWS\SYSTEM32\kernel.appcore.dll
0x00007ffa08ae0000 - 0x00007ffa08aea000 	C:\Program Files\Java\jdk-18.0.1.1\bin\jimage.dll
0x00007ffa10cd0000 - 0x00007ffa10efe000 	C:\WINDOWS\SYSTEM32\DBGHELP.DLL
0x00007ffa156c0000 - 0x00007ffa15a49000 	C:\WINDOWS\System32\combase.dll
0x00007ffa15b40000 - 0x00007ffa15c17000 	C:\WINDOWS\System32\OLEAUT32.dll
0x00007ffa04a30000 - 0x00007ffa04a62000 	C:\WINDOWS\SYSTEM32\dbgcore.DLL
0x00007ffa13440000 - 0x00007ffa134bb000 	C:\WINDOWS\System32\bcryptPrimitives.dll
0x00007ffa0bd10000 - 0x00007ffa0bd1e000 	C:\Program Files\Java\jdk-18.0.1.1\bin\instrument.dll
0x00007ffa03af0000 - 0x00007ffa03b15000 	C:\Program Files\Java\jdk-18.0.1.1\bin\java.dll

dbghelp: loaded successfully - version: 4.0.5 - missing functions: none
symbol engine: initialized successfully - sym options: 0x614 - pdb path: .;C:\Program Files\Java\jdk-18.0.1.1\bin;C:\WINDOWS\SYSTEM32;C:\WINDOWS\WinSxS\amd64_microsoft.windows.common-controls_6595b64144ccf1df_6.0.22621.1635_none_270f70857386168e;C:\Program Files\Java\jdk-18.0.1.1\bin\server

VM Arguments:
jvm_args: -javaagent:C:\Program Files\JetBrains\IntelliJ IDEA 2022.3.2\lib\idea_rt.jar=60714:C:\Program Files\JetBrains\IntelliJ IDEA 2022.3.2\bin -Dfile.encoding=UTF-8 -Dsun.stdout.encoding=UTF-8 -Dsun.stderr.encoding=UTF-8 
java_command: mvc.view.Test
java_class_path (initial): D:\Codegym\module2\Module 2\module2 Baitap\ThiCuoiModuleThiLai\out\production\ThiCuoiModuleThiLai
Launcher Type: SUN_STANDARD

[Global flags]
     intx CICompilerCount                          = 4                                         {product} {ergonomic}
     uint ConcGCThreads                            = 2                                         {product} {ergonomic}
     uint G1ConcRefinementThreads                  = 8                                         {product} {ergonomic}
   size_t G1HeapRegionSize                         = 1048576                                   {product} {ergonomic}
    uintx GCDrainStackTargetSize                   = 64                                        {product} {ergonomic}
   size_t InitialHeapSize                          = 130023424                                 {product} {ergonomic}
   size_t MarkStackSize                            = 4194304                                   {product} {ergonomic}
   size_t MaxHeapSize                              = 2065694720                                {product} {ergonomic}
   size_t MinHeapDeltaBytes                        = 1048576                                   {product} {ergonomic}
   size_t MinHeapSize                              = 8388608                                   {product} {ergonomic}
    uintx NonNMethodCodeHeapSize                   = 5839372                                {pd product} {ergonomic}
    uintx NonProfiledCodeHeapSize                  = 122909434                              {pd product} {ergonomic}
    uintx ProfiledCodeHeapSize                     = 122909434                              {pd product} {ergonomic}
    uintx ReservedCodeCacheSize                    = 251658240                              {pd product} {ergonomic}
     bool SegmentedCodeCache                       = true                                      {product} {ergonomic}
   size_t SoftMaxHeapSize                          = 2065694720                             {manageable} {ergonomic}
     bool UseCompressedClassPointers               = true                           {product lp64_product} {ergonomic}
     bool UseCompressedOops                        = true                           {product lp64_product} {ergonomic}
     bool UseG1GC                                  = true                                      {product} {ergonomic}
     bool UseLargePagesIndividualAllocation        = false                                  {pd product} {ergonomic}

Logging:
Log output configuration:
 #0: stdout all=warning uptime,level,tags foldmultilines=false
 #1: stderr all=off uptime,level,tags foldmultilines=false

Environment Variables:
PATH=C:\Program Files\Common Files\Oracle\Java\javapath;C:\Program Files (x86)\Common Files\Oracle\Java\javapath;C:\Windows\system32;C:\Windows;C:\Windows\System32\Wbem;C:\Windows\System32\WindowsPowerShell\v1.0\;C:\Windows\System32\OpenSSH\;C:\Program Files (x86)\NVIDIA Corporation\PhysX\Common;C:\Program Files\NVIDIA Corporation\NVIDIA NvDLISR;C:\WINDOWS\system32;C:\WINDOWS;C:\WINDOWS\System32\Wbem;C:\WINDOWS\System32\WindowsPowerShell\v1.0\;C:\WINDOWS\System32\OpenSSH\;C:\Program Files\Git\cmd;C:\Users\Admin\AppData\Local\Microsoft\WindowsApps;;C:\Users\Admin\Downloads\Microsoft VS Code\bin
USERNAME=Admin
OS=Windows_NT
PROCESSOR_IDENTIFIER=Intel64 Family 6 Model 140 Stepping 1, GenuineIntel



---------------  S Y S T E M  ---------------

OS:
 Windows 11 , 64 bit Build 22621 (10.0.22621.1778)
OS uptime: 0 days 7:14 hours

CPU: total 8 (initial active 8) (4 cores per cpu, 2 threads per core) family 6 model 140 stepping 1 microcode 0x86, cx8, cmov, fxsr, ht, mmx, 3dnowpref, sse, sse2, sse3, ssse3, sse4.1, sse4.2, popcnt, lzcnt, tsc, tscinvbit, avx, avx2, aes, erms, clmul, bmi1, bmi2, adx, avx512f, avx512dq, avx512cd, avx512bw, avx512vl, sha, fma, vzeroupper, avx512_vpopcntdq, avx512_vpclmulqdq, avx512_vaes, avx512_vnni, clflush, clflushopt, clwb, avx512_vbmi2, avx512_vbmi

Memory: 4k page, system-wide physical 7873M (701M free)
TotalPageFile size 16065M (AvailPageFile size 45M)
current process WorkingSet (physical memory assigned to process): 11M, peak: 11M
current process commit charge ("private bytes"): 60M, peak: 184M

vm_info: Java HotSpot(TM) 64-Bit Server VM (18.0.1.1+2-6) for windows-amd64 JRE (18.0.1.1+2-6), built on Apr 25 2022 21:53:15 by "mach5one" with MS VC++ 16.8 / 16.9 (VS2019)

END.
